02:32:56,325 INFO  [org.hornetq.integration.bootstrap] HQ101000: Starting HornetQ Server
02:32:59,010 WARN  [org.hornetq.core.server] HQ222018: AIO was not located on this platform, it will fall back to using pure Java NIO. If your platform is Linux, install LibAIO to enable the AIO journal
02:32:59,583 INFO  [org.hornetq.core.server] HQ221000: live server is starting with configuration HornetQ Configuration (clustered=false,backup=false,sharedStore=true,journalDirectory=../data/journal,bindingsDirectory=../data/bindings,largeMessagesDirectory=../data/large-messages,pagingDirectory=../data/paging)
02:32:59,594 INFO  [org.hornetq.core.server] HQ221006: Waiting to obtain live lock
02:32:59,838 INFO  [org.hornetq.core.server] HQ221013: Using NIO Journal
02:33:00,258 WARN  [org.hornetq.core.server] HQ222007: Security risk! HornetQ is running with the default cluster admin user and default password. Please see the HornetQ user guide, cluster chapter, for instructions on how to change this.
02:33:00,307 INFO  [org.hornetq.core.server] HQ221043: Adding protocol support CORE
02:33:00,324 INFO  [org.hornetq.core.server] HQ221043: Adding protocol support STOMP
02:33:00,339 INFO  [org.hornetq.core.server] HQ221043: Adding protocol support AMQP
02:33:00,587 INFO  [org.hornetq.core.server] HQ221034: Waiting to obtain live lock
02:33:00,590 INFO  [org.hornetq.core.server] HQ221035: Live Server Obtained live lock
02:33:07,046 INFO  [org.hornetq.core.server] HQ221003: trying to deploy queue jms.queue.DLQ
02:33:07,148 INFO  [org.hornetq.core.server] HQ221003: trying to deploy queue jms.queue.ExpiryQueue
02:33:08,761 INFO  [org.hornetq.core.server] HQ221020: Started Netty Acceptor version 4.0.13.Final localhost:5455
02:33:08,767 INFO  [org.hornetq.core.server] HQ221020: Started Netty Acceptor version 4.0.13.Final localhost:5445
02:33:08,769 INFO  [org.hornetq.core.server] HQ221007: Server is now live
02:33:08,770 INFO  [org.hornetq.core.server] HQ221001: HornetQ Server version 2.5.0.SNAPSHOT (Wild Hornet, 124) [ef90b91e-51e1-11e7-9702-fbabde47ab04] 
02:34:10,261 INFO  [org.hornetq.integration.bootstrap] HQ101001: Stopping HornetQ Server
02:34:10,412 WARN  [org.hornetq.core.server] HQ222113: On ManagementService stop, there are 2 unexpected registered MBeans: [core.acceptor.netty, core.acceptor.netty-throughput]
02:34:10,473 INFO  [org.hornetq.core.server] HQ221002: HornetQ Server version 2.5.0.SNAPSHOT (Wild Hornet, 124) [ef90b91e-51e1-11e7-9702-fbabde47ab04] stopped
